# JRE version: Java(TM) SE Runtime Environment (8.0_181-b13) (build 1.8.0_181-b13)
# Java VM: Java HotSpot(TM) 64-Bit Server VM (25.181-b13 mixed mode windows-amd64 compressed oops)
Heap:
 PSYoungGen      total 180224K, used 15568K [0x00000000eb200000, 0x00000000fb900000, 0x0000000100000000)
  eden space 166400K, 9% used [0x00000000eb200000,0x00000000ec134170,0x00000000f5480000)
  from space 13824K, 0% used [0x00000000f5480000,0x00000000f5480000,0x00000000f6200000)
  to   space 13824K, 0% used [0x00000000fab80000,0x00000000fab80000,0x00000000fb900000)
 ParOldGen       total 53760K, used 20021K [0x00000000c1600000, 0x00000000c4a80000, 0x00000000eb200000)
  object space 53760K, 37% used [0x00000000c1600000,0x00000000c298d730,0x00000000c4a80000)
 Metaspace       used 35503K, capacity 37100K, committed 37504K, reserved 1081344K
  class space    used 4882K, capacity 5208K, committed 5248K, reserved 1048576K
GC Heap History (10 events):
Event: 4.867 GC heap before
{Heap before GC invocations=9 (full 1):
 PSYoungGen      total 72192K, used 64000K [0x00000000eb200000, 0x00000000f3f00000, 0x0000000100000000)
  eden space 64000K, 100% used [0x00000000eb200000,0x00000000ef080000,0x00000000ef080000)
  from space 8192K, 0% used [0x00000000ef080000,0x00000000ef080000,0x00000000ef880000)
  to   space 8192K, 0% used [0x00000000f3700000,0x00000000f3700000,0x00000000f3f00000)
 ParOldGen       total 28672K, used 5696K [0x00000000c1600000, 0x00000000c3200000, 0x00000000eb200000)
  object space 28672K, 19% used [0x00000000c1600000,0x00000000c1b90210,0x00000000c3200000)
 Metaspace       used 21696K, capacity 22460K, committed 22656K, reserved 1069056K
  class space    used 2963K, capacity 3139K, committed 3200K, reserved 1048576K
Event: 4.874 GC heap after
Heap after GC invocations=9 (full 1):
 PSYoungGen      total 121856K, used 6171K [0x00000000eb200000, 0x00000000f3d80000, 0x0000000100000000)
  eden space 115200K, 0% used [0x00000000eb200000,0x00000000eb200000,0x00000000f2280000)
  from space 6656K, 92% used [0x00000000f3700000,0x00000000f3d06f20,0x00000000f3d80000)
  to   space 8704K, 0% used [0x00000000f2c80000,0x00000000f2c80000,0x00000000f3500000)
 ParOldGen       total 28672K, used 5704K [0x00000000c1600000, 0x00000000c3200000, 0x00000000eb200000)
  object space 28672K, 19% used [0x00000000c1600000,0x00000000c1b92210,0x00000000c3200000)
 Metaspace       used 21696K, capacity 22460K, committed 22656K, reserved 1069056K
  class space    used 2963K, capacity 3139K, committed 3200K, reserved 1048576K
}
Event: 6.920 GC heap before
{Heap before GC invocations=10 (full 1):
 PSYoungGen      total 121856K, used 121371K [0x00000000eb200000, 0x00000000f3d80000, 0x0000000100000000)
  eden space 115200K, 100% used [0x00000000eb200000,0x00000000f2280000,0x00000000f2280000)
  from space 6656K, 92% used [0x00000000f3700000,0x00000000f3d06f20,0x00000000f3d80000)
  to   space 8704K, 0% used [0x00000000f2c80000,0x00000000f2c80000,0x00000000f3500000)
 ParOldGen       total 28672K, used 5704K [0x00000000c1600000, 0x00000000c3200000, 0x00000000eb200000)
  object space 28672K, 19% used [0x00000000c1600000,0x00000000c1b92210,0x00000000c3200000)
 Metaspace       used 27017K, capacity 28464K, committed 28672K, reserved 1073152K
  class space    used 3770K, capacity 4074K, committed 4096K, reserved 1048576K
Event: 6.944 GC heap after
Heap after GC invocations=10 (full 1):
 PSYoungGen      total 134144K, used 8701K [0x00000000eb200000, 0x00000000f6e00000, 0x0000000100000000)
  eden space 125440K, 0% used [0x00000000eb200000,0x00000000eb200000,0x00000000f2c80000)
  from space 8704K, 99% used [0x00000000f2c80000,0x00000000f34ff428,0x00000000f3500000)
  to   space 12288K, 0% used [0x00000000f6200000,0x00000000f6200000,0x00000000f6e00000)
 ParOldGen       total 28672K, used 11250K [0x00000000c1600000, 0x00000000c3200000, 0x00000000eb200000)
  object space 28672K, 39% used [0x00000000c1600000,0x00000000c20fc990,0x00000000c3200000)
 Metaspace       used 27017K, capacity 28464K, committed 28672K, reserved 1073152K
  class space    used 3770K, capacity 4074K, committed 4096K, reserved 1048576K
}
Event: 8.435 GC heap before
{Heap before GC invocations=11 (full 1):
 PSYoungGen      total 134144K, used 134141K [0x00000000eb200000, 0x00000000f6e00000, 0x0000000100000000)
  eden space 125440K, 100% used [0x00000000eb200000,0x00000000f2c80000,0x00000000f2c80000)
  from space 8704K, 99% used [0x00000000f2c80000,0x00000000f34ff428,0x00000000f3500000)
  to   space 12288K, 0% used [0x00000000f6200000,0x00000000f6200000,0x00000000f6e00000)
 ParOldGen       total 28672K, used 11250K [0x00000000c1600000, 0x00000000c3200000, 0x00000000eb200000)
  object space 28672K, 39% used [0x00000000c1600000,0x00000000c20fc990,0x00000000c3200000)
 Metaspace       used 32025K, capacity 33578K, committed 33792K, reserved 1079296K
  class space    used 4276K, capacity 4589K, committed 4608K, reserved 1048576K
Event: 8.462 GC heap after
Heap after GC invocations=11 (full 1):
 PSYoungGen      total 178688K, used 11878K [0x00000000eb200000, 0x00000000f7d00000, 0x0000000100000000)
  eden space 166400K, 0% used [0x00000000eb200000,0x00000000eb200000,0x00000000f5480000)
  from space 12288K, 96% used [0x00000000f6200000,0x00000000f6d99ba0,0x00000000f6e00000)
  to   space 13824K, 0% used [0x00000000f5480000,0x00000000f5480000,0x00000000f6200000)
 ParOldGen       total 28672K, used 14991K [0x00000000c1600000, 0x00000000c3200000, 0x00000000eb200000)
  object space 28672K, 52% used [0x00000000c1600000,0x00000000c24a3cb0,0x00000000c3200000)
 Metaspace       used 32025K, capacity 33578K, committed 33792K, reserved 1079296K
  class space    used 4276K, capacity 4589K, committed 4608K, reserved 1048576K
}
Event: 8.801 GC heap before
{Heap before GC invocations=12 (full 1):
 PSYoungGen      total 178688K, used 30844K [0x00000000eb200000, 0x00000000f7d00000, 0x0000000100000000)
  eden space 166400K, 11% used [0x00000000eb200000,0x00000000ec485780,0x00000000f5480000)
  from space 12288K, 96% used [0x00000000f6200000,0x00000000f6d99ba0,0x00000000f6e00000)
  to   space 13824K, 0% used [0x00000000f5480000,0x00000000f5480000,0x00000000f6200000)
 ParOldGen       total 28672K, used 14991K [0x00000000c1600000, 0x00000000c3200000, 0x00000000eb200000)
  object space 28672K, 52% used [0x00000000c1600000,0x00000000c24a3cb0,0x00000000c3200000)
 Metaspace       used 33751K, capacity 35230K, committed 35456K, reserved 1079296K
  class space    used 4572K, capacity 4881K, committed 4992K, reserved 1048576K
Event: 8.821 GC heap after
Heap after GC invocations=12 (full 1):
 PSYoungGen      total 180224K, used 1878K [0x00000000eb200000, 0x00000000fb900000, 0x0000000100000000)
  eden space 166400K, 0% used [0x00000000eb200000,0x00000000eb200000,0x00000000f5480000)
  from space 13824K, 13% used [0x00000000f5480000,0x00000000f5655a20,0x00000000f6200000)
  to   space 13824K, 0% used [0x00000000fab80000,0x00000000fab80000,0x00000000fb900000)
 ParOldGen       total 28672K, used 23159K [0x00000000c1600000, 0x00000000c3200000, 0x00000000eb200000)
  object space 28672K, 80% used [0x00000000c1600000,0x00000000c2c9dc30,0x00000000c3200000)
 Metaspace       used 33751K, capacity 35230K, committed 35456K, reserved 1079296K
  class space    used 4572K, capacity 4881K, committed 4992K, reserved 1048576K
}
Event: 8.821 GC heap before
{Heap before GC invocations=13 (full 2):
 PSYoungGen      total 180224K, used 1878K [0x00000000eb200000, 0x00000000fb900000, 0x0000000100000000)
  eden space 166400K, 0% used [0x00000000eb200000,0x00000000eb200000,0x00000000f5480000)
  from space 13824K, 13% used [0x00000000f5480000,0x00000000f5655a20,0x00000000f6200000)
  to   space 13824K, 0% used [0x00000000fab80000,0x00000000fab80000,0x00000000fb900000)
 ParOldGen       total 28672K, used 23159K [0x00000000c1600000, 0x00000000c3200000, 0x00000000eb200000)
  object space 28672K, 80% used [0x00000000c1600000,0x00000000c2c9dc30,0x00000000c3200000)
 Metaspace       used 33751K, capacity 35230K, committed 35456K, reserved 1079296K
  class space    used 4572K, capacity 4881K, committed 4992K, reserved 1048576K
Event: 8.941 GC heap after
Heap after GC invocations=13 (full 2):
 PSYoungGen      total 180224K, used 0K [0x00000000eb200000, 0x00000000fb900000, 0x0000000100000000)
  eden space 166400K, 0% used [0x00000000eb200000,0x00000000eb200000,0x00000000f5480000)
  from space 13824K, 0% used [0x00000000f5480000,0x00000000f5480000,0x00000000f6200000)
  to   space 13824K, 0% used [0x00000000fab80000,0x00000000fab80000,0x00000000fb900000)
 ParOldGen       total 53760K, used 20021K [0x00000000c1600000, 0x00000000c4a80000, 0x00000000eb200000)
  object space 53760K, 37% used [0x00000000c1600000,0x00000000c298d730,0x00000000c4a80000)
 Metaspace       used 33751K, capacity 35230K, committed 35456K, reserved 1079296K
  class space    used 4572K, capacity 4881K, committed 4992K, reserved 1048576K
}

