# JRE version: Java(TM) SE Runtime Environment (8.0_171-b11) (build 1.8.0_171-b11)
# Java VM: Java HotSpot(TM) 64-Bit Server VM (25.171-b11 mixed mode windows-amd64 compressed oops)
Heap:
 PSYoungGen      total 116224K, used 3267K [0x00000000eb200000, 0x00000000f2e00000, 0x0000000100000000)
  eden space 105472K, 3% used [0x00000000eb200000,0x00000000eb530e68,0x00000000f1900000)
  from space 10752K, 0% used [0x00000000f1900000,0x00000000f1900000,0x00000000f2380000)
  to   space 9216K, 0% used [0x00000000f2500000,0x00000000f2500000,0x00000000f2e00000)
 ParOldGen       total 34816K, used 27664K [0x00000000c1600000, 0x00000000c3800000, 0x00000000eb200000)
  object space 34816K, 79% used [0x00000000c1600000,0x00000000c3104010,0x00000000c3800000)
 Metaspace       used 41946K, capacity 43578K, committed 44032K, reserved 1089536K
  class space    used 5781K, capacity 6101K, committed 6144K, reserved 1048576K
GC Heap History (10 events):
Event: 6.365 GC heap before
{Heap before GC invocations=10 (full 1):
 PSYoungGen      total 114688K, used 114687K [0x00000000eb200000, 0x00000000f2e00000, 0x0000000100000000)
  eden space 105472K, 100% used [0x00000000eb200000,0x00000000f1900000,0x00000000f1900000)
  from space 9216K, 99% used [0x00000000f2500000,0x00000000f2dffc20,0x00000000f2e00000)
  to   space 10752K, 0% used [0x00000000f1900000,0x00000000f1900000,0x00000000f2380000)
 ParOldGen       total 34816K, used 10544K [0x00000000c1600000, 0x00000000c3800000, 0x00000000eb200000)
  object space 34816K, 30% used [0x00000000c1600000,0x00000000c204c3b0,0x00000000c3800000)
 Metaspace       used 28614K, capacity 30118K, committed 30464K, reserved 1075200K
  class space    used 3948K, capacity 4275K, committed 4352K, reserved 1048576K
Event: 6.406 GC heap after
Heap after GC invocations=10 (full 1):
 PSYoungGen      total 116224K, used 10732K [0x00000000eb200000, 0x00000000f2e00000, 0x0000000100000000)
  eden space 105472K, 0% used [0x00000000eb200000,0x00000000eb200000,0x00000000f1900000)
  from space 10752K, 99% used [0x00000000f1900000,0x00000000f237b318,0x00000000f2380000)
  to   space 9216K, 0% used [0x00000000f2500000,0x00000000f2500000,0x00000000f2e00000)
 ParOldGen       total 34816K, used 13405K [0x00000000c1600000, 0x00000000c3800000, 0x00000000eb200000)
  object space 34816K, 38% used [0x00000000c1600000,0x00000000c23176d8,0x00000000c3800000)
 Metaspace       used 28614K, capacity 30118K, committed 30464K, reserved 1075200K
  class space    used 3948K, capacity 4275K, committed 4352K, reserved 1048576K
}
Event: 8.204 GC heap before
{Heap before GC invocations=11 (full 1):
 PSYoungGen      total 116224K, used 105456K [0x00000000eb200000, 0x00000000f2e00000, 0x0000000100000000)
  eden space 105472K, 89% used [0x00000000eb200000,0x00000000f0e80fb0,0x00000000f1900000)
  from space 10752K, 99% used [0x00000000f1900000,0x00000000f237b318,0x00000000f2380000)
  to   space 9216K, 0% used [0x00000000f2500000,0x00000000f2500000,0x00000000f2e00000)
 ParOldGen       total 34816K, used 13405K [0x00000000c1600000, 0x00000000c3800000, 0x00000000eb200000)
  object space 34816K, 38% used [0x00000000c1600000,0x00000000c23176d8,0x00000000c3800000)
 Metaspace       used 33676K, capacity 35224K, committed 35456K, reserved 1079296K
  class space    used 4558K, capacity 4880K, committed 4992K, reserved 1048576K
Event: 8.235 GC heap after
Heap after GC invocations=11 (full 1):
 PSYoungGen      total 114688K, used 9210K [0x00000000eb200000, 0x00000000f2e00000, 0x0000000100000000)
  eden space 105472K, 0% used [0x00000000eb200000,0x00000000eb200000,0x00000000f1900000)
  from space 9216K, 99% used [0x00000000f2500000,0x00000000f2dfe980,0x00000000f2e00000)
  to   space 10752K, 0% used [0x00000000f1900000,0x00000000f1900000,0x00000000f2380000)
 ParOldGen       total 34816K, used 21079K [0x00000000c1600000, 0x00000000c3800000, 0x00000000eb200000)
  object space 34816K, 60% used [0x00000000c1600000,0x00000000c2a95dc0,0x00000000c3800000)
 Metaspace       used 33676K, capacity 35224K, committed 35456K, reserved 1079296K
  class space    used 4558K, capacity 4880K, committed 4992K, reserved 1048576K
}
Event: 8.236 GC heap before
{Heap before GC invocations=12 (full 2):
 PSYoungGen      total 114688K, used 9210K [0x00000000eb200000, 0x00000000f2e00000, 0x0000000100000000)
  eden space 105472K, 0% used [0x00000000eb200000,0x00000000eb200000,0x00000000f1900000)
  from space 9216K, 99% used [0x00000000f2500000,0x00000000f2dfe980,0x00000000f2e00000)
  to   space 10752K, 0% used [0x00000000f1900000,0x00000000f1900000,0x00000000f2380000)
 ParOldGen       total 34816K, used 21079K [0x00000000c1600000, 0x00000000c3800000, 0x00000000eb200000)
  object space 34816K, 60% used [0x00000000c1600000,0x00000000c2a95dc0,0x00000000c3800000)
 Metaspace       used 33676K, capacity 35224K, committed 35456K, reserved 1079296K
  class space    used 4558K, capacity 4880K, committed 4992K, reserved 1048576K
Event: 8.394 GC heap after
Heap after GC invocations=12 (full 2):
 PSYoungGen      total 114688K, used 0K [0x00000000eb200000, 0x00000000f2e00000, 0x0000000100000000)
  eden space 105472K, 0% used [0x00000000eb200000,0x00000000eb200000,0x00000000f1900000)
  from space 9216K, 0% used [0x00000000f2500000,0x00000000f2500000,0x00000000f2e00000)
  to   space 10752K, 0% used [0x00000000f1900000,0x00000000f1900000,0x00000000f2380000)
 ParOldGen       total 34816K, used 21823K [0x00000000c1600000, 0x00000000c3800000, 0x00000000eb200000)
  object space 34816K, 62% used [0x00000000c1600000,0x00000000c2b4ff18,0x00000000c3800000)
 Metaspace       used 33676K, capacity 35224K, committed 35456K, reserved 1079296K
  class space    used 4558K, capacity 4880K, committed 4992K, reserved 1048576K
}
Event: 10.587 GC heap before
{Heap before GC invocations=13 (full 2):
 PSYoungGen      total 114688K, used 87614K [0x00000000eb200000, 0x00000000f2e00000, 0x0000000100000000)
  eden space 105472K, 83% used [0x00000000eb200000,0x00000000f078fad8,0x00000000f1900000)
  from space 9216K, 0% used [0x00000000f2500000,0x00000000f2500000,0x00000000f2e00000)
  to   space 10752K, 0% used [0x00000000f1900000,0x00000000f1900000,0x00000000f2380000)
 ParOldGen       total 34816K, used 21823K [0x00000000c1600000, 0x00000000c3800000, 0x00000000eb200000)
  object space 34816K, 62% used [0x00000000c1600000,0x00000000c2b4ff18,0x00000000c3800000)
 Metaspace       used 41910K, capacity 43514K, committed 43776K, reserved 1091584K
  class space    used 5772K, capacity 6101K, committed 6144K, reserved 1048576K
Event: 10.601 GC heap after
Heap after GC invocations=13 (full 2):
 PSYoungGen      total 116224K, used 9907K [0x00000000eb200000, 0x00000000f2e00000, 0x0000000100000000)
  eden space 105472K, 0% used [0x00000000eb200000,0x00000000eb200000,0x00000000f1900000)
  from space 10752K, 92% used [0x00000000f1900000,0x00000000f22acf90,0x00000000f2380000)
  to   space 9216K, 0% used [0x00000000f2500000,0x00000000f2500000,0x00000000f2e00000)
 ParOldGen       total 34816K, used 21831K [0x00000000c1600000, 0x00000000c3800000, 0x00000000eb200000)
  object space 34816K, 62% used [0x00000000c1600000,0x00000000c2b51f18,0x00000000c3800000)
 Metaspace       used 41910K, capacity 43514K, committed 43776K, reserved 1091584K
  class space    used 5772K, capacity 6101K, committed 6144K, reserved 1048576K
}
Event: 10.601 GC heap before
{Heap before GC invocations=14 (full 3):
 PSYoungGen      total 116224K, used 9907K [0x00000000eb200000, 0x00000000f2e00000, 0x0000000100000000)
  eden space 105472K, 0% used [0x00000000eb200000,0x00000000eb200000,0x00000000f1900000)
  from space 10752K, 92% used [0x00000000f1900000,0x00000000f22acf90,0x00000000f2380000)
  to   space 9216K, 0% used [0x00000000f2500000,0x00000000f2500000,0x00000000f2e00000)
 ParOldGen       total 34816K, used 21831K [0x00000000c1600000, 0x00000000c3800000, 0x00000000eb200000)
  object space 34816K, 62% used [0x00000000c1600000,0x00000000c2b51f18,0x00000000c3800000)
 Metaspace       used 41910K, capacity 43514K, committed 43776K, reserved 1091584K
  class space    used 5772K, capacity 6101K, committed 6144K, reserved 1048576K
Event: 11.153 GC heap after
Heap after GC invocations=14 (full 3):
 PSYoungGen      total 116224K, used 0K [0x00000000eb200000, 0x00000000f2e00000, 0x0000000100000000)
  eden space 105472K, 0% used [0x00000000eb200000,0x00000000eb200000,0x00000000f1900000)
  from space 10752K, 0% used [0x00000000f1900000,0x00000000f1900000,0x00000000f2380000)
  to   space 9216K, 0% used [0x00000000f2500000,0x00000000f2500000,0x00000000f2e00000)
 ParOldGen       total 34816K, used 27664K [0x00000000c1600000, 0x00000000c3800000, 0x00000000eb200000)
  object space 34816K, 79% used [0x00000000c1600000,0x00000000c3104010,0x00000000c3800000)
 Metaspace       used 41910K, capacity 43514K, committed 43776K, reserved 1089536K
  class space    used 5772K, capacity 6101K, committed 6144K, reserved 1048576K
}

